2022-08-24 13:26:12,137:INFO:PyCaret Supervised Module
2022-08-24 13:26:12,137:INFO:ML Usecase: classification
2022-08-24 13:26:12,138:INFO:version 2.2.2
2022-08-24 13:26:12,138:INFO:Initializing setup()
2022-08-24 13:26:12,138:INFO:setup(target=Potability, ml_usecase=classification, available_plots={'parameter': 'Hyperparameters', 'auc': 'AUC', 'confusion_matrix': 'Confusion Matrix', 'threshold': 'Threshold', 'pr': 'Precision Recall', 'error': 'Prediction Error', 'class_report': 'Class Report', 'rfe': 'Feature Selection', 'learning': 'Learning Curve', 'manifold': 'Manifold Learning', 'calibration': 'Calibration Curve', 'vc': 'Validation Curve', 'dimension': 'Dimensions', 'feature': 'Feature Importance', 'feature_all': 'Feature Importance (All)', 'boundary': 'Decision Boundary', 'lift': 'Lift Chart', 'gain': 'Gain Chart', 'tree': 'Decision Tree'}, train_size=0.7, test_data=None, preprocess=True, imputation_type=simple, iterative_imputation_iters=5, categorical_features=None, categorical_imputation=constant, categorical_iterative_imputer=lightgbm, ordinal_features=None, high_cardinality_features=None, high_cardinality_method=frequency, numeric_features=None, numeric_imputation=mean, numeric_iterative_imputer=lightgbm, date_features=None, ignore_features=None, normalize=False, normalize_method=zscore, transformation=False, transformation_method=yeo-johnson, handle_unknown_categorical=True, unknown_categorical_method=least_frequent, pca=False, pca_method=linear, pca_components=None, ignore_low_variance=False, combine_rare_levels=False, rare_level_threshold=0.1, bin_numeric_features=None, remove_outliers=False, outliers_threshold=0.05, remove_multicollinearity=False, multicollinearity_threshold=0.9, remove_perfect_collinearity=True, create_clusters=False, cluster_iter=20, polynomial_features=False, polynomial_degree=2, trigonometry_features=False, polynomial_threshold=0.1, group_features=None, group_names=None, feature_selection=False, feature_selection_threshold=0.8, feature_selection_method=classic, feature_interaction=False, feature_ratio=False, interaction_threshold=0.01, fix_imbalance=False, fix_imbalance_method=None, transform_target=False, transform_target_method=box-cox, data_split_shuffle=True, data_split_stratify=False, fold_strategy=stratifiedkfold, fold=10, fold_shuffle=False, fold_groups=None, n_jobs=-1, use_gpu=False, custom_pipeline=None, html=True, session_id=786, log_experiment=False, experiment_name=None, log_plots=False, log_profile=False, log_data=False, silent=True, verbose=True, profile=False, profile_kwargs=None, display=None)
2022-08-24 13:26:12,139:INFO:Checking environment
2022-08-24 13:26:12,139:INFO:python_version: 3.9.12
2022-08-24 13:26:12,139:INFO:python_build: ('main', 'Apr  4 2022 05:22:27')
2022-08-24 13:26:12,140:INFO:machine: AMD64
2022-08-24 13:26:12,140:INFO:platform: Windows-10-10.0.22000-SP0
2022-08-24 13:26:12,140:INFO:Memory: svmem(total=17007927296, available=5750394880, percent=66.2, used=11257532416, free=5750394880)
2022-08-24 13:26:12,140:INFO:Physical Core: 6
2022-08-24 13:26:12,140:INFO:Logical Core: 12
2022-08-24 13:26:12,140:INFO:Checking libraries
2022-08-24 13:26:12,141:INFO:pd==1.4.2
2022-08-24 13:26:12,142:INFO:numpy==1.21.5
2022-08-24 13:26:12,142:INFO:sklearn==1.1.2
2022-08-24 13:26:12,195:INFO:xgboost==1.6.2
2022-08-24 13:26:12,195:INFO:lightgbm==3.3.2
2022-08-24 13:26:12,224:INFO:catboost==1.0.6
2022-08-24 13:26:13,681:INFO:mlflow==1.28.0
2022-08-24 13:26:13,681:INFO:Checking Exceptions
2022-08-24 13:26:13,681:INFO:Declaring global variables
2022-08-24 13:26:13,681:INFO:USI: 6df6
2022-08-24 13:26:13,681:INFO:pycaret_globals: {'exp_name_log', '_gpu_n_jobs_param', 'prep_pipe', 'data_before_preprocess', 'iterative_imputation_iters_param', 'gpu_param', 'fold_generator', 'X_train', '_available_plots', 'X', 'y_train', 'y_test', 'transform_target_method_param', 'master_model_container', 'imputation_regressor', 'html_param', 'create_model_container', 'transform_target_param', 'logging_param', 'imputation_classifier', 'fold_param', 'X_test', 'n_jobs_param', 'fix_imbalance_param', '_all_models', 'fix_imbalance_method_param', '_all_models_internal', 'stratify_param', '_all_metrics', 'target_param', 'USI', 'fold_shuffle_param', 'y', 'fold_groups_param', 'seed', 'pycaret_globals', '_internal_pipeline', 'display_container', 'experiment__', '_ml_usecase', 'log_plots_param'}
2022-08-24 13:26:13,681:INFO:Preparing display monitor
2022-08-24 13:26:13,681:INFO:Preparing display monitor
2022-08-24 13:26:13,690:INFO:Importing libraries
2022-08-24 13:26:13,690:INFO:Copying data for preprocessing
2022-08-24 13:26:13,696:INFO:Declaring preprocessing parameters
2022-08-24 13:26:13,696:INFO:Creating preprocessing pipeline
2022-08-24 13:26:13,702:INFO:Preprocessing pipeline created successfully
2022-08-24 13:26:13,702:ERROR:(Process Exit): setup has been interupted with user command 'quit'. setup must rerun.
2022-08-24 13:26:13,702:INFO:Creating global containers
2022-08-24 13:27:05,963:INFO:PyCaret Supervised Module
2022-08-24 13:27:05,963:INFO:ML Usecase: classification
2022-08-24 13:27:05,963:INFO:version 2.2.2
2022-08-24 13:27:05,963:INFO:Initializing setup()
2022-08-24 13:27:05,963:INFO:setup(target=Potability, ml_usecase=classification, available_plots={'parameter': 'Hyperparameters', 'auc': 'AUC', 'confusion_matrix': 'Confusion Matrix', 'threshold': 'Threshold', 'pr': 'Precision Recall', 'error': 'Prediction Error', 'class_report': 'Class Report', 'rfe': 'Feature Selection', 'learning': 'Learning Curve', 'manifold': 'Manifold Learning', 'calibration': 'Calibration Curve', 'vc': 'Validation Curve', 'dimension': 'Dimensions', 'feature': 'Feature Importance', 'feature_all': 'Feature Importance (All)', 'boundary': 'Decision Boundary', 'lift': 'Lift Chart', 'gain': 'Gain Chart', 'tree': 'Decision Tree'}, train_size=0.7, test_data=None, preprocess=True, imputation_type=simple, iterative_imputation_iters=5, categorical_features=None, categorical_imputation=constant, categorical_iterative_imputer=lightgbm, ordinal_features=None, high_cardinality_features=None, high_cardinality_method=frequency, numeric_features=None, numeric_imputation=mean, numeric_iterative_imputer=lightgbm, date_features=None, ignore_features=None, normalize=False, normalize_method=zscore, transformation=False, transformation_method=yeo-johnson, handle_unknown_categorical=True, unknown_categorical_method=least_frequent, pca=False, pca_method=linear, pca_components=None, ignore_low_variance=False, combine_rare_levels=False, rare_level_threshold=0.1, bin_numeric_features=None, remove_outliers=False, outliers_threshold=0.05, remove_multicollinearity=False, multicollinearity_threshold=0.9, remove_perfect_collinearity=True, create_clusters=False, cluster_iter=20, polynomial_features=False, polynomial_degree=2, trigonometry_features=False, polynomial_threshold=0.1, group_features=None, group_names=None, feature_selection=False, feature_selection_threshold=0.8, feature_selection_method=classic, feature_interaction=False, feature_ratio=False, interaction_threshold=0.01, fix_imbalance=False, fix_imbalance_method=None, transform_target=False, transform_target_method=box-cox, data_split_shuffle=True, data_split_stratify=False, fold_strategy=stratifiedkfold, fold=10, fold_shuffle=False, fold_groups=None, n_jobs=-1, use_gpu=False, custom_pipeline=None, html=True, session_id=None, log_experiment=False, experiment_name=None, log_plots=False, log_profile=False, log_data=False, silent=True, verbose=True, profile=False, profile_kwargs=None, display=None)
2022-08-24 13:27:05,963:INFO:Checking environment
2022-08-24 13:27:05,964:INFO:python_version: 3.9.12
2022-08-24 13:27:05,964:INFO:python_build: ('main', 'Apr  4 2022 05:22:27')
2022-08-24 13:27:05,964:INFO:machine: AMD64
2022-08-24 13:27:05,964:INFO:platform: Windows-10-10.0.22000-SP0
2022-08-24 13:27:05,964:INFO:Memory: svmem(total=17007927296, available=5631393792, percent=66.9, used=11376533504, free=5631393792)
2022-08-24 13:27:05,964:INFO:Physical Core: 6
2022-08-24 13:27:05,964:INFO:Logical Core: 12
2022-08-24 13:27:05,964:INFO:Checking libraries
2022-08-24 13:27:05,964:INFO:pd==1.4.2
2022-08-24 13:27:05,964:INFO:numpy==1.21.5
2022-08-24 13:27:05,964:INFO:sklearn==1.1.2
2022-08-24 13:27:05,964:INFO:xgboost==1.6.2
2022-08-24 13:27:05,964:INFO:lightgbm==3.3.2
2022-08-24 13:27:05,964:INFO:catboost==1.0.6
2022-08-24 13:27:05,964:INFO:mlflow==1.28.0
2022-08-24 13:27:05,964:INFO:Checking Exceptions
2022-08-24 13:27:05,964:INFO:Declaring global variables
2022-08-24 13:27:05,964:INFO:USI: 7ccb
2022-08-24 13:27:05,964:INFO:pycaret_globals: {'exp_name_log', '_gpu_n_jobs_param', 'prep_pipe', 'data_before_preprocess', 'iterative_imputation_iters_param', 'gpu_param', 'fold_generator', 'X_train', '_available_plots', 'X', 'y_train', 'y_test', 'transform_target_method_param', 'master_model_container', 'imputation_regressor', 'html_param', 'create_model_container', 'transform_target_param', 'logging_param', 'imputation_classifier', 'fold_param', 'X_test', 'n_jobs_param', 'fix_imbalance_param', '_all_models', 'fix_imbalance_method_param', '_all_models_internal', 'stratify_param', '_all_metrics', 'target_param', 'USI', 'fold_shuffle_param', 'y', 'fold_groups_param', 'seed', 'pycaret_globals', '_internal_pipeline', 'display_container', 'experiment__', '_ml_usecase', 'log_plots_param'}
2022-08-24 13:27:05,964:INFO:Preparing display monitor
2022-08-24 13:27:05,964:INFO:Preparing display monitor
2022-08-24 13:27:05,973:INFO:Importing libraries
2022-08-24 13:27:05,973:INFO:Copying data for preprocessing
2022-08-24 13:27:05,978:INFO:Declaring preprocessing parameters
2022-08-24 13:27:05,979:INFO:Creating preprocessing pipeline
2022-08-24 13:27:05,983:INFO:Preprocessing pipeline created successfully
2022-08-24 13:27:05,983:ERROR:(Process Exit): setup has been interupted with user command 'quit'. setup must rerun.
2022-08-24 13:27:05,983:INFO:Creating global containers
2022-08-24 13:27:10,650:INFO:PyCaret Supervised Module
2022-08-24 13:27:10,650:INFO:ML Usecase: classification
2022-08-24 13:27:10,650:INFO:version 2.2.2
2022-08-24 13:27:10,650:INFO:Initializing setup()
2022-08-24 13:27:10,650:INFO:setup(target=Potability, ml_usecase=classification, available_plots={'parameter': 'Hyperparameters', 'auc': 'AUC', 'confusion_matrix': 'Confusion Matrix', 'threshold': 'Threshold', 'pr': 'Precision Recall', 'error': 'Prediction Error', 'class_report': 'Class Report', 'rfe': 'Feature Selection', 'learning': 'Learning Curve', 'manifold': 'Manifold Learning', 'calibration': 'Calibration Curve', 'vc': 'Validation Curve', 'dimension': 'Dimensions', 'feature': 'Feature Importance', 'feature_all': 'Feature Importance (All)', 'boundary': 'Decision Boundary', 'lift': 'Lift Chart', 'gain': 'Gain Chart', 'tree': 'Decision Tree'}, train_size=0.7, test_data=None, preprocess=True, imputation_type=simple, iterative_imputation_iters=5, categorical_features=None, categorical_imputation=constant, categorical_iterative_imputer=lightgbm, ordinal_features=None, high_cardinality_features=None, high_cardinality_method=frequency, numeric_features=None, numeric_imputation=mean, numeric_iterative_imputer=lightgbm, date_features=None, ignore_features=None, normalize=False, normalize_method=zscore, transformation=False, transformation_method=yeo-johnson, handle_unknown_categorical=True, unknown_categorical_method=least_frequent, pca=False, pca_method=linear, pca_components=None, ignore_low_variance=False, combine_rare_levels=False, rare_level_threshold=0.1, bin_numeric_features=None, remove_outliers=False, outliers_threshold=0.05, remove_multicollinearity=False, multicollinearity_threshold=0.9, remove_perfect_collinearity=True, create_clusters=False, cluster_iter=20, polynomial_features=False, polynomial_degree=2, trigonometry_features=False, polynomial_threshold=0.1, group_features=None, group_names=None, feature_selection=False, feature_selection_threshold=0.8, feature_selection_method=classic, feature_interaction=False, feature_ratio=False, interaction_threshold=0.01, fix_imbalance=False, fix_imbalance_method=None, transform_target=False, transform_target_method=box-cox, data_split_shuffle=True, data_split_stratify=False, fold_strategy=stratifiedkfold, fold=10, fold_shuffle=False, fold_groups=None, n_jobs=-1, use_gpu=False, custom_pipeline=None, html=True, session_id=786, log_experiment=False, experiment_name=None, log_plots=False, log_profile=False, log_data=False, silent=True, verbose=True, profile=False, profile_kwargs=None, display=None)
2022-08-24 13:27:10,650:INFO:Checking environment
2022-08-24 13:27:10,650:INFO:python_version: 3.9.12
2022-08-24 13:27:10,650:INFO:python_build: ('main', 'Apr  4 2022 05:22:27')
2022-08-24 13:27:10,650:INFO:machine: AMD64
2022-08-24 13:27:10,650:INFO:platform: Windows-10-10.0.22000-SP0
2022-08-24 13:27:10,650:INFO:Memory: svmem(total=17007927296, available=5586591744, percent=67.2, used=11421335552, free=5586591744)
2022-08-24 13:27:10,650:INFO:Physical Core: 6
2022-08-24 13:27:10,650:INFO:Logical Core: 12
2022-08-24 13:27:10,650:INFO:Checking libraries
2022-08-24 13:27:10,650:INFO:pd==1.4.2
2022-08-24 13:27:10,650:INFO:numpy==1.21.5
2022-08-24 13:27:10,650:INFO:sklearn==1.1.2
2022-08-24 13:27:10,650:INFO:xgboost==1.6.2
2022-08-24 13:27:10,650:INFO:lightgbm==3.3.2
2022-08-24 13:27:10,650:INFO:catboost==1.0.6
2022-08-24 13:27:10,650:INFO:mlflow==1.28.0
2022-08-24 13:27:10,650:INFO:Checking Exceptions
2022-08-24 13:27:10,650:INFO:Declaring global variables
2022-08-24 13:27:10,650:INFO:USI: 84a8
2022-08-24 13:27:10,650:INFO:pycaret_globals: {'exp_name_log', '_gpu_n_jobs_param', 'prep_pipe', 'data_before_preprocess', 'iterative_imputation_iters_param', 'gpu_param', 'fold_generator', 'X_train', '_available_plots', 'X', 'y_train', 'y_test', 'transform_target_method_param', 'master_model_container', 'imputation_regressor', 'html_param', 'create_model_container', 'transform_target_param', 'logging_param', 'imputation_classifier', 'fold_param', 'X_test', 'n_jobs_param', 'fix_imbalance_param', '_all_models', 'fix_imbalance_method_param', '_all_models_internal', 'stratify_param', '_all_metrics', 'target_param', 'USI', 'fold_shuffle_param', 'y', 'fold_groups_param', 'seed', 'pycaret_globals', '_internal_pipeline', 'display_container', 'experiment__', '_ml_usecase', 'log_plots_param'}
2022-08-24 13:27:10,650:INFO:Preparing display monitor
2022-08-24 13:27:10,651:INFO:Preparing display monitor
2022-08-24 13:27:10,659:INFO:Importing libraries
2022-08-24 13:27:10,659:INFO:Copying data for preprocessing
2022-08-24 13:27:10,665:INFO:Declaring preprocessing parameters
2022-08-24 13:27:10,666:INFO:Creating preprocessing pipeline
2022-08-24 13:27:10,672:INFO:Preprocessing pipeline created successfully
2022-08-24 13:27:10,672:ERROR:(Process Exit): setup has been interupted with user command 'quit'. setup must rerun.
2022-08-24 13:27:10,673:INFO:Creating global containers
2022-08-24 13:27:52,969:INFO:PyCaret Supervised Module
2022-08-24 13:27:52,969:INFO:ML Usecase: classification
2022-08-24 13:27:52,969:INFO:version 2.2.2
2022-08-24 13:27:52,969:INFO:Initializing setup()
2022-08-24 13:27:52,969:INFO:setup(target=Potability, ml_usecase=classification, available_plots={'parameter': 'Hyperparameters', 'auc': 'AUC', 'confusion_matrix': 'Confusion Matrix', 'threshold': 'Threshold', 'pr': 'Precision Recall', 'error': 'Prediction Error', 'class_report': 'Class Report', 'rfe': 'Feature Selection', 'learning': 'Learning Curve', 'manifold': 'Manifold Learning', 'calibration': 'Calibration Curve', 'vc': 'Validation Curve', 'dimension': 'Dimensions', 'feature': 'Feature Importance', 'feature_all': 'Feature Importance (All)', 'boundary': 'Decision Boundary', 'lift': 'Lift Chart', 'gain': 'Gain Chart', 'tree': 'Decision Tree'}, train_size=0.7, test_data=None, preprocess=True, imputation_type=simple, iterative_imputation_iters=5, categorical_features=None, categorical_imputation=constant, categorical_iterative_imputer=lightgbm, ordinal_features=None, high_cardinality_features=None, high_cardinality_method=frequency, numeric_features=None, numeric_imputation=mean, numeric_iterative_imputer=lightgbm, date_features=None, ignore_features=None, normalize=False, normalize_method=zscore, transformation=False, transformation_method=yeo-johnson, handle_unknown_categorical=True, unknown_categorical_method=least_frequent, pca=False, pca_method=linear, pca_components=None, ignore_low_variance=False, combine_rare_levels=False, rare_level_threshold=0.1, bin_numeric_features=None, remove_outliers=False, outliers_threshold=0.05, remove_multicollinearity=False, multicollinearity_threshold=0.9, remove_perfect_collinearity=True, create_clusters=False, cluster_iter=20, polynomial_features=False, polynomial_degree=2, trigonometry_features=False, polynomial_threshold=0.1, group_features=None, group_names=None, feature_selection=False, feature_selection_threshold=0.8, feature_selection_method=classic, feature_interaction=False, feature_ratio=False, interaction_threshold=0.01, fix_imbalance=False, fix_imbalance_method=None, transform_target=False, transform_target_method=box-cox, data_split_shuffle=True, data_split_stratify=False, fold_strategy=stratifiedkfold, fold=10, fold_shuffle=False, fold_groups=None, n_jobs=-1, use_gpu=False, custom_pipeline=None, html=True, session_id=786, log_experiment=False, experiment_name=None, log_plots=False, log_profile=False, log_data=False, silent=True, verbose=True, profile=False, profile_kwargs=None, display=None)
2022-08-24 13:27:52,969:INFO:Checking environment
2022-08-24 13:27:52,969:INFO:python_version: 3.9.12
2022-08-24 13:27:52,970:INFO:python_build: ('main', 'Apr  4 2022 05:22:27')
2022-08-24 13:27:52,970:INFO:machine: AMD64
2022-08-24 13:27:52,970:INFO:platform: Windows-10-10.0.22000-SP0
2022-08-24 13:27:52,970:INFO:Memory: svmem(total=17007927296, available=5583876096, percent=67.2, used=11424051200, free=5583876096)
2022-08-24 13:27:52,970:INFO:Physical Core: 6
2022-08-24 13:27:52,970:INFO:Logical Core: 12
2022-08-24 13:27:52,970:INFO:Checking libraries
2022-08-24 13:27:52,970:INFO:pd==1.4.2
2022-08-24 13:27:52,970:INFO:numpy==1.21.5
2022-08-24 13:27:52,970:INFO:sklearn==1.1.2
2022-08-24 13:27:52,970:INFO:xgboost==1.6.2
2022-08-24 13:27:52,970:INFO:lightgbm==3.3.2
2022-08-24 13:27:52,970:INFO:catboost==1.0.6
2022-08-24 13:27:52,970:INFO:mlflow==1.28.0
2022-08-24 13:27:52,970:INFO:Checking Exceptions
2022-08-24 13:27:52,971:INFO:Declaring global variables
2022-08-24 13:27:52,971:INFO:USI: 9207
2022-08-24 13:27:52,971:INFO:pycaret_globals: {'exp_name_log', '_gpu_n_jobs_param', 'prep_pipe', 'data_before_preprocess', 'iterative_imputation_iters_param', 'gpu_param', 'fold_generator', 'X_train', '_available_plots', 'X', 'y_train', 'y_test', 'transform_target_method_param', 'master_model_container', 'imputation_regressor', 'html_param', 'create_model_container', 'transform_target_param', 'logging_param', 'imputation_classifier', 'fold_param', 'X_test', 'n_jobs_param', 'fix_imbalance_param', '_all_models', 'fix_imbalance_method_param', '_all_models_internal', 'stratify_param', '_all_metrics', 'target_param', 'USI', 'fold_shuffle_param', 'y', 'fold_groups_param', 'seed', 'pycaret_globals', '_internal_pipeline', 'display_container', 'experiment__', '_ml_usecase', 'log_plots_param'}
2022-08-24 13:27:52,971:INFO:Preparing display monitor
2022-08-24 13:27:52,971:INFO:Preparing display monitor
2022-08-24 13:27:52,980:INFO:Importing libraries
2022-08-24 13:27:52,980:INFO:Copying data for preprocessing
2022-08-24 13:27:52,985:INFO:Declaring preprocessing parameters
2022-08-24 13:27:52,986:INFO:Creating preprocessing pipeline
2022-08-24 13:27:52,989:INFO:Preprocessing pipeline created successfully
2022-08-24 13:27:52,990:ERROR:(Process Exit): setup has been interupted with user command 'quit'. setup must rerun.
2022-08-24 13:27:52,990:INFO:Creating global containers
2022-08-24 13:28:34,559:INFO:PyCaret Supervised Module
2022-08-24 13:28:34,559:INFO:ML Usecase: classification
2022-08-24 13:28:34,559:INFO:version 2.2.2
2022-08-24 13:28:34,559:INFO:Initializing setup()
2022-08-24 13:28:34,559:INFO:setup(target=Potability, ml_usecase=classification, available_plots={'parameter': 'Hyperparameters', 'auc': 'AUC', 'confusion_matrix': 'Confusion Matrix', 'threshold': 'Threshold', 'pr': 'Precision Recall', 'error': 'Prediction Error', 'class_report': 'Class Report', 'rfe': 'Feature Selection', 'learning': 'Learning Curve', 'manifold': 'Manifold Learning', 'calibration': 'Calibration Curve', 'vc': 'Validation Curve', 'dimension': 'Dimensions', 'feature': 'Feature Importance', 'feature_all': 'Feature Importance (All)', 'boundary': 'Decision Boundary', 'lift': 'Lift Chart', 'gain': 'Gain Chart', 'tree': 'Decision Tree'}, train_size=0.7, test_data=None, preprocess=True, imputation_type=simple, iterative_imputation_iters=5, categorical_features=None, categorical_imputation=constant, categorical_iterative_imputer=lightgbm, ordinal_features=None, high_cardinality_features=None, high_cardinality_method=frequency, numeric_features=None, numeric_imputation=mean, numeric_iterative_imputer=lightgbm, date_features=None, ignore_features=None, normalize=False, normalize_method=zscore, transformation=False, transformation_method=yeo-johnson, handle_unknown_categorical=True, unknown_categorical_method=least_frequent, pca=False, pca_method=linear, pca_components=None, ignore_low_variance=False, combine_rare_levels=False, rare_level_threshold=0.1, bin_numeric_features=None, remove_outliers=False, outliers_threshold=0.05, remove_multicollinearity=False, multicollinearity_threshold=0.9, remove_perfect_collinearity=True, create_clusters=False, cluster_iter=20, polynomial_features=False, polynomial_degree=2, trigonometry_features=False, polynomial_threshold=0.1, group_features=None, group_names=None, feature_selection=False, feature_selection_threshold=0.8, feature_selection_method=classic, feature_interaction=False, feature_ratio=False, interaction_threshold=0.01, fix_imbalance=False, fix_imbalance_method=None, transform_target=False, transform_target_method=box-cox, data_split_shuffle=True, data_split_stratify=False, fold_strategy=stratifiedkfold, fold=10, fold_shuffle=False, fold_groups=None, n_jobs=-1, use_gpu=False, custom_pipeline=None, html=True, session_id=786, log_experiment=False, experiment_name=None, log_plots=False, log_profile=False, log_data=False, silent=True, verbose=True, profile=False, profile_kwargs=None, display=None)
2022-08-24 13:28:34,560:INFO:Checking environment
2022-08-24 13:28:34,560:INFO:python_version: 3.9.12
2022-08-24 13:28:34,560:INFO:python_build: ('main', 'Apr  4 2022 05:22:27')
2022-08-24 13:28:34,560:INFO:machine: AMD64
2022-08-24 13:28:34,560:INFO:platform: Windows-10-10.0.22000-SP0
2022-08-24 13:28:34,560:INFO:Memory: svmem(total=17007927296, available=5358579712, percent=68.5, used=11649347584, free=5358579712)
2022-08-24 13:28:34,560:INFO:Physical Core: 6
2022-08-24 13:28:34,560:INFO:Logical Core: 12
2022-08-24 13:28:34,560:INFO:Checking libraries
2022-08-24 13:28:34,560:INFO:pd==1.4.2
2022-08-24 13:28:34,560:INFO:numpy==1.21.5
2022-08-24 13:28:34,560:INFO:sklearn==1.1.2
2022-08-24 13:28:34,560:INFO:xgboost==1.6.2
2022-08-24 13:28:34,560:INFO:lightgbm==3.3.2
2022-08-24 13:28:34,560:INFO:catboost==1.0.6
2022-08-24 13:28:34,560:INFO:mlflow==1.28.0
2022-08-24 13:28:34,560:INFO:Checking Exceptions
2022-08-24 13:28:34,560:INFO:Declaring global variables
2022-08-24 13:28:34,560:INFO:USI: f087
2022-08-24 13:28:34,560:INFO:pycaret_globals: {'exp_name_log', '_gpu_n_jobs_param', 'prep_pipe', 'data_before_preprocess', 'iterative_imputation_iters_param', 'gpu_param', 'fold_generator', 'X_train', '_available_plots', 'X', 'y_train', 'y_test', 'transform_target_method_param', 'master_model_container', 'imputation_regressor', 'html_param', 'create_model_container', 'transform_target_param', 'logging_param', 'imputation_classifier', 'fold_param', 'X_test', 'n_jobs_param', 'fix_imbalance_param', '_all_models', 'fix_imbalance_method_param', '_all_models_internal', 'stratify_param', '_all_metrics', 'target_param', 'USI', 'fold_shuffle_param', 'y', 'fold_groups_param', 'seed', 'pycaret_globals', '_internal_pipeline', 'display_container', 'experiment__', '_ml_usecase', 'log_plots_param'}
2022-08-24 13:28:34,560:INFO:Preparing display monitor
2022-08-24 13:28:34,560:INFO:Preparing display monitor
2022-08-24 13:28:34,569:INFO:Importing libraries
2022-08-24 13:28:34,569:INFO:Copying data for preprocessing
2022-08-24 13:28:34,574:INFO:Declaring preprocessing parameters
2022-08-24 13:28:34,575:INFO:Creating preprocessing pipeline
2022-08-24 13:28:34,579:INFO:Preprocessing pipeline created successfully
2022-08-24 13:28:34,579:ERROR:(Process Exit): setup has been interupted with user command 'quit'. setup must rerun.
2022-08-24 13:28:34,579:INFO:Creating global containers
2022-08-24 13:29:19,641:INFO:PyCaret Supervised Module
2022-08-24 13:29:19,641:INFO:ML Usecase: classification
2022-08-24 13:29:19,641:INFO:version 2.2.2
2022-08-24 13:29:19,641:INFO:Initializing setup()
2022-08-24 13:29:19,641:INFO:setup(target=Potability, ml_usecase=classification, available_plots={'parameter': 'Hyperparameters', 'auc': 'AUC', 'confusion_matrix': 'Confusion Matrix', 'threshold': 'Threshold', 'pr': 'Precision Recall', 'error': 'Prediction Error', 'class_report': 'Class Report', 'rfe': 'Feature Selection', 'learning': 'Learning Curve', 'manifold': 'Manifold Learning', 'calibration': 'Calibration Curve', 'vc': 'Validation Curve', 'dimension': 'Dimensions', 'feature': 'Feature Importance', 'feature_all': 'Feature Importance (All)', 'boundary': 'Decision Boundary', 'lift': 'Lift Chart', 'gain': 'Gain Chart', 'tree': 'Decision Tree'}, train_size=0.7, test_data=None, preprocess=True, imputation_type=simple, iterative_imputation_iters=5, categorical_features=None, categorical_imputation=constant, categorical_iterative_imputer=lightgbm, ordinal_features=None, high_cardinality_features=None, high_cardinality_method=frequency, numeric_features=None, numeric_imputation=mean, numeric_iterative_imputer=lightgbm, date_features=None, ignore_features=None, normalize=False, normalize_method=zscore, transformation=False, transformation_method=yeo-johnson, handle_unknown_categorical=True, unknown_categorical_method=least_frequent, pca=False, pca_method=linear, pca_components=None, ignore_low_variance=False, combine_rare_levels=False, rare_level_threshold=0.1, bin_numeric_features=None, remove_outliers=False, outliers_threshold=0.05, remove_multicollinearity=False, multicollinearity_threshold=0.9, remove_perfect_collinearity=True, create_clusters=False, cluster_iter=20, polynomial_features=False, polynomial_degree=2, trigonometry_features=False, polynomial_threshold=0.1, group_features=None, group_names=None, feature_selection=False, feature_selection_threshold=0.8, feature_selection_method=classic, feature_interaction=False, feature_ratio=False, interaction_threshold=0.01, fix_imbalance=False, fix_imbalance_method=None, transform_target=False, transform_target_method=box-cox, data_split_shuffle=True, data_split_stratify=False, fold_strategy=stratifiedkfold, fold=10, fold_shuffle=True, fold_groups=None, n_jobs=-1, use_gpu=False, custom_pipeline=None, html=True, session_id=786, log_experiment=False, experiment_name=None, log_plots=False, log_profile=False, log_data=False, silent=True, verbose=True, profile=False, profile_kwargs=None, display=None)
2022-08-24 13:29:19,641:INFO:Checking environment
2022-08-24 13:29:19,641:INFO:python_version: 3.9.12
2022-08-24 13:29:19,642:INFO:python_build: ('main', 'Apr  4 2022 05:22:27')
2022-08-24 13:29:19,642:INFO:machine: AMD64
2022-08-24 13:29:19,642:INFO:platform: Windows-10-10.0.22000-SP0
2022-08-24 13:29:19,642:INFO:Memory: svmem(total=17007927296, available=5646786560, percent=66.8, used=11361140736, free=5646786560)
2022-08-24 13:29:19,642:INFO:Physical Core: 6
2022-08-24 13:29:19,642:INFO:Logical Core: 12
2022-08-24 13:29:19,642:INFO:Checking libraries
2022-08-24 13:29:19,642:INFO:pd==1.4.2
2022-08-24 13:29:19,642:INFO:numpy==1.21.5
2022-08-24 13:29:19,642:INFO:sklearn==1.1.2
2022-08-24 13:29:19,642:INFO:xgboost==1.6.2
2022-08-24 13:29:19,642:INFO:lightgbm==3.3.2
2022-08-24 13:29:19,642:INFO:catboost==1.0.6
2022-08-24 13:29:19,642:INFO:mlflow==1.28.0
2022-08-24 13:29:19,642:INFO:Checking Exceptions
2022-08-24 13:29:19,642:INFO:Declaring global variables
2022-08-24 13:29:19,642:INFO:USI: d6e9
2022-08-24 13:29:19,643:INFO:pycaret_globals: {'exp_name_log', '_gpu_n_jobs_param', 'prep_pipe', 'data_before_preprocess', 'iterative_imputation_iters_param', 'gpu_param', 'fold_generator', 'X_train', '_available_plots', 'X', 'y_train', 'y_test', 'transform_target_method_param', 'master_model_container', 'imputation_regressor', 'html_param', 'create_model_container', 'transform_target_param', 'logging_param', 'imputation_classifier', 'fold_param', 'X_test', 'n_jobs_param', 'fix_imbalance_param', '_all_models', 'fix_imbalance_method_param', '_all_models_internal', 'stratify_param', '_all_metrics', 'target_param', 'USI', 'fold_shuffle_param', 'y', 'fold_groups_param', 'seed', 'pycaret_globals', '_internal_pipeline', 'display_container', 'experiment__', '_ml_usecase', 'log_plots_param'}
2022-08-24 13:29:19,643:INFO:Preparing display monitor
2022-08-24 13:29:19,643:INFO:Preparing display monitor
2022-08-24 13:29:19,650:INFO:Importing libraries
2022-08-24 13:29:19,651:INFO:Copying data for preprocessing
2022-08-24 13:29:19,656:INFO:Declaring preprocessing parameters
2022-08-24 13:29:19,657:INFO:Creating preprocessing pipeline
2022-08-24 13:29:19,662:INFO:Preprocessing pipeline created successfully
2022-08-24 13:29:19,662:ERROR:(Process Exit): setup has been interupted with user command 'quit'. setup must rerun.
2022-08-24 13:29:19,662:INFO:Creating global containers
2022-08-24 13:29:19,663:INFO:Internal pipeline: Pipeline(memory=None, steps=[('empty_step', 'passthrough')], verbose=False)
2022-08-24 13:29:20,965:INFO:Creating grid variables
2022-08-24 13:29:20,980:INFO:create_model_container: 0
2022-08-24 13:29:20,980:INFO:master_model_container: 0
2022-08-24 13:29:20,980:INFO:display_container: 0
